<?xml version="1.0" encoding="UTF-8"?>
<!-- Generated by org.testng.reporters.JUnitXMLReporter -->
<testsuite ignored="0" hostname="Ikhon_jean" failures="0" tests="3" name="Allure Tests" time="9.464" errors="0" timestamp="2024-02-16T14:21:15 BRT">
  <testcase classname="com.relatorioqa4.AcessarPagina" name="testAcessarPagina" time="1.053"/>
  <testcase classname="com.relatorioqa4.LogarSite" name="testLogin" time="1.479"/>
  <testcase classname="com.relatorioqa4.FalhaLogin" name="testFalhaLogin" time="1.496"/>
</testsuite> <!-- Allure Tests -->
