<?xml version="1.0" encoding="UTF-8"?>
<testng-results ignored="0" total="3" passed="3" failed="0" skipped="0">
  <reporter-output>
  </reporter-output>
  <suite started-at="2024-02-16T14:21:06 BRT" name="Allure Test Suite" finished-at="2024-02-16T14:21:15 BRT" duration-ms="9464">
    <groups>
    </groups>
    <test started-at="2024-02-16T14:21:06 BRT" name="Allure Tests" finished-at="2024-02-16T14:21:15 BRT" duration-ms="9464">
      <class name="com.relatorioqa4.AcessarPagina">
        <test-method is-config="true" signature="setUp()[pri:0, instance:com.relatorioqa4.AcessarPagina@4ba89729]" started-at="2024-02-16T14:21:06 BRT" name="setUp" finished-at="2024-02-16T14:21:09 BRT" duration-ms="2893" status="PASS">
          <reporter-output>
          </reporter-output>
        </test-method> <!-- setUp -->
        <test-method signature="testAcessarPagina()[pri:0, instance:com.relatorioqa4.AcessarPagina@4ba89729]" started-at="2024-02-16T14:21:10 BRT" name="testAcessarPagina" finished-at="2024-02-16T14:21:12 BRT" duration-ms="1053" status="PASS">
          <reporter-output>
          </reporter-output>
        </test-method> <!-- testAcessarPagina -->
        <test-method is-config="true" signature="tearDown()[pri:0, instance:com.relatorioqa4.AcessarPagina@4ba89729]" started-at="2024-02-16T14:21:15 BRT" name="tearDown" finished-at="2024-02-16T14:21:15 BRT" duration-ms="304" status="PASS">
          <reporter-output>
          </reporter-output>
        </test-method> <!-- tearDown -->
      </class> <!-- com.relatorioqa4.AcessarPagina -->
      <class name="com.relatorioqa4.LogarSite">
        <test-method is-config="true" signature="setUp()[pri:0, instance:com.relatorioqa4.LogarSite@7abe27bf]" started-at="2024-02-16T14:21:10 BRT" name="setUp" finished-at="2024-02-16T14:21:10 BRT" duration-ms="900" status="PASS">
          <reporter-output>
          </reporter-output>
        </test-method> <!-- setUp -->
        <test-method signature="testLogin()[pri:0, instance:com.relatorioqa4.LogarSite@7abe27bf]" started-at="2024-02-16T14:21:12 BRT" name="testLogin" finished-at="2024-02-16T14:21:13 BRT" duration-ms="1479" status="PASS">
          <reporter-output>
          </reporter-output>
        </test-method> <!-- testLogin -->
        <test-method is-config="true" signature="tearDown()[pri:0, instance:com.relatorioqa4.LogarSite@7abe27bf]" started-at="2024-02-16T14:21:15 BRT" name="tearDown" finished-at="2024-02-16T14:21:15 BRT" duration-ms="229" status="PASS">
          <reporter-output>
          </reporter-output>
        </test-method> <!-- tearDown -->
      </class> <!-- com.relatorioqa4.LogarSite -->
      <class name="com.relatorioqa4.FalhaLogin">
        <test-method is-config="true" signature="setUp()[pri:0, instance:com.relatorioqa4.FalhaLogin@5b94ccbc]" started-at="2024-02-16T14:21:09 BRT" name="setUp" finished-at="2024-02-16T14:21:10 BRT" duration-ms="746" status="PASS">
          <reporter-output>
          </reporter-output>
        </test-method> <!-- setUp -->
        <test-method signature="testFalhaLogin()[pri:0, instance:com.relatorioqa4.FalhaLogin@5b94ccbc]" started-at="2024-02-16T14:21:13 BRT" name="testFalhaLogin" finished-at="2024-02-16T14:21:15 BRT" duration-ms="1496" status="PASS">
          <reporter-output>
          </reporter-output>
        </test-method> <!-- testFalhaLogin -->
        <test-method is-config="true" signature="tearDown()[pri:0, instance:com.relatorioqa4.FalhaLogin@5b94ccbc]" started-at="2024-02-16T14:21:15 BRT" name="tearDown" finished-at="2024-02-16T14:21:15 BRT" duration-ms="149" status="PASS">
          <reporter-output>
          </reporter-output>
        </test-method> <!-- tearDown -->
      </class> <!-- com.relatorioqa4.FalhaLogin -->
    </test> <!-- Allure Tests -->
  </suite> <!-- Allure Test Suite -->
</testng-results>
