<?xml version="1.0" encoding="UTF-8"?>
<testng-results ignored="0" total="1" passed="1" failed="0" skipped="0">
  <reporter-output>
  </reporter-output>
  <suite started-at="2024-03-01T15:00:41 BRT" name="Allure Test Suite" finished-at="2024-03-01T15:00:43 BRT" duration-ms="2662">
    <groups>
    </groups>
    <test started-at="2024-03-01T15:00:41 BRT" name="Allure Tests" finished-at="2024-03-01T15:00:43 BRT" duration-ms="2662">
      <class name="com.relatorioqa4.AcessarPagina">
        <test-method is-config="true" signature="setUp()[pri:0, instance:com.relatorioqa4.AcessarPagina@8c46918]" started-at="2024-03-01T15:00:41 BRT" name="setUp" finished-at="2024-03-01T15:00:42 BRT" duration-ms="1554" status="PASS">
          <reporter-output>
          </reporter-output>
        </test-method> <!-- setUp -->
        <test-method signature="testarSauceDemo()[pri:0, instance:com.relatorioqa4.AcessarPagina@8c46918]" started-at="2024-03-01T15:00:42 BRT" name="testarSauceDemo" finished-at="2024-03-01T15:00:43 BRT" duration-ms="799" status="PASS">
          <reporter-output>
          </reporter-output>
        </test-method> <!-- testarSauceDemo -->
        <test-method is-config="true" signature="tearDown()[pri:0, instance:com.relatorioqa4.AcessarPagina@8c46918]" started-at="2024-03-01T15:00:43 BRT" name="tearDown" finished-at="2024-03-01T15:00:43 BRT" duration-ms="166" status="PASS">
          <reporter-output>
          </reporter-output>
        </test-method> <!-- tearDown -->
      </class> <!-- com.relatorioqa4.AcessarPagina -->
    </test> <!-- Allure Tests -->
  </suite> <!-- Allure Test Suite -->
</testng-results>
